<?xml version="1.0" encoding="UTF-8"?>
<!-- Generated by org.testng.reporters.JUnitReportReporter -->
<testsuite skipped="0" hostname="adminstrator-Latitude-3450" name="MyLearningTs.OdTagsTC" tests="1" failures="0" timestamp="21 Oct 2018 09:18:00 GMT" time="70.638" errors="0">
  <testcase name="Tagscreation" time="70.638" classname="MyLearningTs.OdTagsTC"/>
</testsuite> <!-- MyLearningTs.OdTagsTC -->
