<?xml version="1.0" encoding="UTF-8"?>
<!-- Generated by org.testng.reporters.JUnitReportReporter -->
<testsuite skipped="0" hostname="adminstrator-Latitude-3450" name="MyLearningTs.OdTicketfiledsTC" tests="1" failures="0" timestamp="15 Oct 2018 06:18:19 GMT" time="96.681" errors="0">
  <testcase name="VerifyRegExcreation" time="96.681" classname="MyLearningTs.OdTicketfiledsTC"/>
</testsuite> <!-- MyLearningTs.OdTicketfiledsTC -->
