<?xml version="1.0" encoding="UTF-8"?>
<!-- Generated by org.testng.reporters.JUnitReportReporter -->
<testsuite skipped="0" hostname="adminstrator-Latitude-3450" name="Apiautomation.api.Agentstatus" tests="4" failures="0" timestamp="19 Jan 2019 05:49:08 GMT" time="4.074" errors="0">
  <testcase name="AgentstatusPut" time="0.109" classname="Apiautomation.api.Agentstatus"/>
  <testcase name="AgentstatusPost" time="0.702" classname="Apiautomation.api.Agentstatus"/>
  <testcase name="AgentstatusDelete" time="2.406" classname="Apiautomation.api.Agentstatus"/>
  <testcase name="AgentstatusGet" time="0.857" classname="Apiautomation.api.Agentstatus"/>
</testsuite> <!-- Apiautomation.api.Agentstatus -->
