<?xml version="1.0" encoding="UTF-8"?>
<!-- Generated by org.testng.reporters.JUnitReportReporter -->
<testsuite hostname="adminstrator-Latitude-3450" name="Apiautomation.api.Checktweetpost" tests="1" failures="0" timestamp="29 Oct 2018 16:31:13 GMT" time="3.189" errors="0">
  <testcase name="Post1" time="3.189" classname="Apiautomation.api.Checktweetpost"/>
</testsuite> <!-- Apiautomation.api.Checktweetpost -->
