<?xml version="1.0" encoding="UTF-8"?>
<!-- Generated by org.testng.reporters.JUnitReportReporter -->
<testsuite skipped="0" hostname="adminstrator-Latitude-3450" name="MyLearningTs.OdViewspageScrollupdownTC" tests="1" failures="0" timestamp="02 Oct 2018 09:03:39 GMT" time="55.392" errors="0">
  <testcase name="Scroolpage" time="55.392" classname="MyLearningTs.OdViewspageScrollupdownTC"/>
</testsuite> <!-- MyLearningTs.OdViewspageScrollupdownTC -->
