<?xml version="1.0" encoding="UTF-8"?>
<!-- Generated by org.testng.reporters.JUnitReportReporter -->
<testsuite skipped="0" hostname="adminstrator-Latitude-3450" name="MyLearningTs.TicketingRuleTS" tests="1" failures="0" timestamp="29 Jan 2019 05:30:39 GMT" time="68.323" errors="0">
  <testcase name="TicketruleCreation" time="68.323" classname="MyLearningTs.TicketingRuleTS"/>
</testsuite> <!-- MyLearningTs.TicketingRuleTS -->
