<?xml version="1.0" encoding="UTF-8"?>
<!-- Generated by org.testng.reporters.JUnitReportReporter -->
<testsuite skipped="0" hostname="adminstrator-Latitude-3450" name="MyLearningTs.AgentstatusTC" tests="1" failures="0" timestamp="21 Oct 2018 07:25:07 GMT" time="58.047" errors="0">
  <testcase name="AgentstatusDeletion" time="58.047" classname="MyLearningTs.AgentstatusTC"/>
</testsuite> <!-- MyLearningTs.AgentstatusTC -->
