<?xml version="1.0" encoding="UTF-8"?>
<!-- Generated by org.testng.reporters.JUnitReportReporter -->
<testsuite skipped="0" hostname="adminstrator-Latitude-3450" name="Apiautomation.api.AppTest" tests="1" failures="0" timestamp="30 Oct 2018 16:15:16 GMT" time="1.732" errors="0">
  <testcase name="BrandtagDelete" time="1.732" classname="Apiautomation.api.AppTest"/>
</testsuite> <!-- Apiautomation.api.AppTest -->
