<?xml version="1.0" encoding="UTF-8"?>
<!-- Generated by org.testng.reporters.JUnitReportReporter -->
<testsuite skipped="0" hostname="adminstrator-Latitude-3450" name="MyLearningTs.OdTeamsTc" tests="1" failures="0" timestamp="29 Sep 2018 07:58:30 GMT" time="231.714" errors="0">
  <testcase name="VerifyTeamcreation" time="231.714" classname="MyLearningTs.OdTeamsTc"/>
</testsuite> <!-- MyLearningTs.OdTeamsTc -->
