<?xml version="1.0" encoding="UTF-8"?>
<!-- Generated by org.testng.reporters.JUnitReportReporter -->
<testsuite skipped="0" hostname="adminstrator-Latitude-3450" name="MyLearningTs.AmazonTc" tests="3" failures="0" timestamp="23 Sep 2018 07:57:32 GMT" time="146.312" errors="0">
  <testcase name="VerifySortByCatFunctionality" time="52.992" classname="MyLearningTs.AmazonTc"/>
  <testcase name="VerifyElectronicsTabAppea_6542" time="49.329" classname="MyLearningTs.AmazonTc"/>
  <testcase name="verifyPowerBankLinkFunc_1231" time="43.991" classname="MyLearningTs.AmazonTc"/>
</testsuite> <!-- MyLearningTs.AmazonTc -->
