<?xml version="1.0" encoding="UTF-8"?>
<!-- Generated by org.testng.reporters.JUnitReportReporter -->
<testsuite skipped="0" hostname="adminstrator-Latitude-3450" name="MyLearningTs.OdSLATC" tests="3" failures="0" timestamp="22 Dec 2018 14:07:24 GMT" time="315.127" errors="0">
  <testcase name="ClickonSLAtab" time="163.871" classname="MyLearningTs.OdSLATC"/>
  <testcase name="EditSLA" time="79.958" classname="MyLearningTs.OdSLATC"/>
  <testcase name="DeleteSLA" time="71.298" classname="MyLearningTs.OdSLATC"/>
</testsuite> <!-- MyLearningTs.OdSLATC -->
