<?xml version="1.0" encoding="UTF-8"?>
<!-- Generated by org.testng.reporters.JUnitReportReporter -->
<testsuite skipped="0" hostname="adminstrator-Latitude-3450" name="MyLearningTs.OdviewsTC" tests="1" failures="0" timestamp="06 Oct 2018 16:07:14 GMT" time="113.877" errors="0">
  <testcase name="ViewsCreation" time="113.877" classname="MyLearningTs.OdviewsTC"/>
</testsuite> <!-- MyLearningTs.OdviewsTC -->
