<?xml version="1.0" encoding="UTF-8"?>
<!-- Generated by org.testng.reporters.JUnitReportReporter -->
<testsuite skipped="0" hostname="adminstrator-Latitude-3450" name="MyLearningTs.IFrameTC" tests="1" failures="0" timestamp="02 Oct 2018 15:55:02 GMT" time="11.750" errors="0">
  <testcase name="VeifyIframeFunctionality_1347" time="11.750" classname="MyLearningTs.IFrameTC"/>
</testsuite> <!-- MyLearningTs.IFrameTC -->
