<?xml version="1.0" encoding="UTF-8"?>
<!-- Generated by org.testng.reporters.JUnitReportReporter -->
<testsuite skipped="0" hostname="adminstrator-Latitude-3450" name="MyLearningTs.OdSignatureTC" tests="1" failures="0" timestamp="19 Oct 2018 16:06:43 GMT" time="75.661" errors="0">
  <testcase name="EnableTwitterSignature" time="75.661" classname="MyLearningTs.OdSignatureTC"/>
</testsuite> <!-- MyLearningTs.OdSignatureTC -->
