<?xml version="1.0" encoding="UTF-8"?>
<!-- Generated by org.testng.reporters.JUnitReportReporter -->
<testsuite skipped="0" hostname="adminstrator-Latitude-3450" name="MyLearningTs.OdBusinesshrTc" tests="1" failures="0" timestamp="01 Oct 2018 17:27:51 GMT" time="72.345" errors="0">
  <testcase name="VerifyBusinesshourDeletion" time="72.345" classname="MyLearningTs.OdBusinesshrTc"/>
</testsuite> <!-- MyLearningTs.OdBusinesshrTc -->
