<?xml version="1.0" encoding="UTF-8"?>
<!-- Generated by org.testng.reporters.JUnitReportReporter -->
<testsuite skipped="0" hostname="adminstrator-Latitude-3450" name="MyLearningTs.UtilityTC" tests="1" failures="0" timestamp="29 Nov 2018 14:27:10 GMT" time="109.091" errors="0">
  <testcase name="Emailsignature" time="109.091" classname="MyLearningTs.UtilityTC"/>
</testsuite> <!-- MyLearningTs.UtilityTC -->
