<?xml version="1.0" encoding="UTF-8"?>
<!-- Generated by org.testng.reporters.JUnitReportReporter -->
<testsuite skipped="0" hostname="adminstrator-Latitude-3450" name="MyLearningTs.OdCannedresponseTC" tests="1" failures="0" timestamp="28 Oct 2018 06:03:59 GMT" time="77.153" errors="0">
  <testcase name="IntegrationofCannedResponse" time="77.153" classname="MyLearningTs.OdCannedresponseTC"/>
</testsuite> <!-- MyLearningTs.OdCannedresponseTC -->
