<?xml version="1.0" encoding="UTF-8"?>
<!-- Generated by org.testng.reporters.JUnitReportReporter -->
<testsuite skipped="0" hostname="adminstrator-Latitude-3450" name="MyLearningTs.OnedirectLoginTc" tests="3" failures="0" timestamp="24 Sep 2018 14:41:21 GMT" time="156.451" errors="0">
  <testcase name="VerifyServicecloudClickableFunctionality" time="77.266" classname="MyLearningTs.OnedirectLoginTc"/>
  <testcase name="VerifySettingFunctionality" time="53.163" classname="MyLearningTs.OnedirectLoginTc"/>
  <testcase name="Verifyonedirectloginfunctionality" time="26.022" classname="MyLearningTs.OnedirectLoginTc"/>
</testsuite> <!-- MyLearningTs.OnedirectLoginTc -->
