<?xml version="1.0" encoding="UTF-8"?>
<!-- Generated by org.testng.reporters.JUnitReportReporter -->
<testsuite skipped="0" hostname="adminstrator-Latitude-3450" name="MyLearningTs.AssignmentRuleTC" tests="1" failures="0" timestamp="25 Jan 2019 11:35:39 GMT" time="130.285" errors="0">
  <testcase name="AsssignmentRulecreation" time="130.285" classname="MyLearningTs.AssignmentRuleTC"/>
</testsuite> <!-- MyLearningTs.AssignmentRuleTC -->
