<?xml version="1.0" encoding="UTF-8"?>
<!-- Generated by org.testng.reporters.JUnitReportReporter -->
<testsuite skipped="0" hostname="adminstrator-Latitude-3450" name="MyLearningTs.FiltersTc" tests="1" failures="0" timestamp="06 Oct 2018 14:04:08 GMT" time="78.804" errors="0">
  <testcase name="VerifyFilteroption" time="78.804" classname="MyLearningTs.FiltersTc"/>
</testsuite> <!-- MyLearningTs.FiltersTc -->
