<?xml version="1.0" encoding="UTF-8"?>
<!-- Generated by org.testng.reporters.JUnitReportReporter -->
<testsuite skipped="0" hostname="adminstrator-Latitude-3450" name="MyLearningTs.DragandDropTc" tests="1" failures="0" timestamp="02 Oct 2018 05:56:31 GMT" time="30.719" errors="0">
  <testcase name="VerifydragnDropFunc_135" time="30.719" classname="MyLearningTs.DragandDropTc"/>
</testsuite> <!-- MyLearningTs.DragandDropTc -->
